{
  "RSpec": {
    "coverage": {
      "/Users/dididodson/turing/mod3/viewing_party_lite/app/helpers/application_helper.rb": {
        "lines": [
          null,
          null,
          1,
          null
        ]
      },
      "/Users/dididodson/turing/mod3/viewing_party_lite/app/models/party_invitee.rb": {
        "lines": [
          null,
          null,
          1,
          1,
          1,
          null,
          1,
          1,
          null
        ]
      },
      "/Users/dididodson/turing/mod3/viewing_party_lite/app/models/application_record.rb": {
        "lines": [
          null,
          null,
          1,
          1,
          null
        ]
      },
      "/Users/dididodson/turing/mod3/viewing_party_lite/app/models/party.rb": {
        "lines": [
          null,
          null,
          1,
          1,
          1,
          null,
          1,
          1,
          1,
          null
        ]
      },
      "/Users/dididodson/turing/mod3/viewing_party_lite/app/models/user.rb": {
        "lines": [
          null,
          null,
          1,
          1,
          1,
          null,
          1,
          1,
          1,
          1,
          null,
          1,
          null,
          1,
          7,
          null,
          null
        ]
      },
      "/Users/dididodson/turing/mod3/viewing_party_lite/app/poros/movie.rb": {
        "lines": [
          null,
          null,
          1,
          1,
          null,
          1,
          270,
          270,
          270,
          270,
          270,
          270,
          270,
          null,
          null,
          1,
          4,
          8,
          null,
          null,
          null,
          1,
          270,
          null,
          null,
          1,
          4,
          4,
          4,
          null,
          null
        ]
      },
      "/Users/dididodson/turing/mod3/viewing_party_lite/app/services/movies_service.rb": {
        "lines": [
          null,
          null,
          1,
          1,
          1,
          56,
          56,
          null,
          null,
          null,
          1,
          56,
          null,
          56,
          null,
          null,
          null
        ]
      },
      "/Users/dididodson/turing/mod3/viewing_party_lite/app/facades/movies_facade.rb": {
        "lines": [
          null,
          null,
          1,
          1,
          1,
          6,
          6,
          null,
          6,
          6,
          240,
          null,
          null,
          null,
          1,
          2,
          2,
          null,
          2,
          2,
          5,
          null,
          null,
          null,
          1,
          22,
          22,
          null,
          null,
          1,
          8,
          8,
          null,
          null,
          1,
          8,
          null,
          null,
          null
        ]
      },
      "/Users/dididodson/turing/mod3/viewing_party_lite/app/controllers/discover_controller.rb": {
        "lines": [
          null,
          null,
          1,
          1,
          5,
          null,
          null
        ]
      },
      "/Users/dididodson/turing/mod3/viewing_party_lite/app/controllers/application_controller.rb": {
        "lines": [
          null,
          null,
          1,
          null
        ]
      },
      "/Users/dididodson/turing/mod3/viewing_party_lite/app/controllers/movies_controller.rb": {
        "lines": [
          null,
          null,
          1,
          1,
          4,
          4,
          0,
          null,
          4,
          null,
          null,
          null,
          1,
          4,
          4,
          4,
          4,
          null,
          null
        ]
      },
      "/Users/dididodson/turing/mod3/viewing_party_lite/app/controllers/main_controller.rb": {
        "lines": [
          null,
          null,
          1,
          1,
          4,
          null,
          null
        ]
      },
      "/Users/dididodson/turing/mod3/viewing_party_lite/app/controllers/users_controller.rb": {
        "lines": [
          null,
          null,
          1,
          1,
          15,
          null,
          null,
          1,
          9,
          9,
          1,
          8,
          3,
          3,
          5,
          2,
          2,
          3,
          1,
          1,
          2,
          2,
          2,
          null,
          null,
          null,
          1,
          7,
          7,
          7,
          2,
          null,
          null,
          null,
          1,
          null,
          1,
          9,
          null,
          null,
          1,
          0,
          null,
          null
        ]
      },
      "/Users/dididodson/turing/mod3/viewing_party_lite/app/controllers/sessions_controller.rb": {
        "lines": [
          1,
          null,
          1,
          null,
          null,
          1,
          4,
          2,
          1,
          null,
          1,
          1,
          null,
          null,
          2,
          2,
          null,
          null,
          null
        ]
      },
      "/Users/dididodson/turing/mod3/viewing_party_lite/app/controllers/party_controller.rb": {
        "lines": [
          null,
          null,
          1,
          1,
          6,
          6,
          null,
          null,
          1,
          2,
          2,
          2,
          2,
          1,
          1,
          null,
          1,
          1,
          null,
          null,
          null,
          1,
          null,
          1,
          2,
          null,
          null,
          1,
          0,
          null,
          null
        ]
      },
      "/Users/dididodson/turing/mod3/viewing_party_lite/app/mailers/application_mailer.rb": {
        "lines": [
          null,
          null,
          0,
          0,
          0,
          0
        ],
        "branches": {
        }
      },
      "/Users/dididodson/turing/mod3/viewing_party_lite/app/jobs/application_job.rb": {
        "lines": [
          null,
          null,
          0,
          0
        ],
        "branches": {
        }
      },
      "/Users/dididodson/turing/mod3/viewing_party_lite/app/channels/application_cable/connection.rb": {
        "lines": [
          null,
          null,
          0,
          0,
          0,
          0
        ],
        "branches": {
        }
      },
      "/Users/dididodson/turing/mod3/viewing_party_lite/app/channels/application_cable/channel.rb": {
        "lines": [
          null,
          null,
          0,
          0,
          0,
          0
        ],
        "branches": {
        }
      }
    },
    "timestamp": 1639673102
  }
}
